2025-07-17 13:39:14 INFO  c.r.b.RcycBatchMsApplication - Starting RcycBatchMsApplication using Java 11.0.27 on LAPTOP-V1F4SACK with PID 32536 (D:\SUJESH\TRAINING_PROJECTS\rcyc-batch-ms\target\classes started by DTA-172 in D:\SUJESH\TRAINING_PROJECTS\rcyc-batch-ms)
2025-07-17 13:39:14 INFO  c.r.b.RcycBatchMsApplication - No active profile set, falling back to 1 default profile: "default"
2025-07-17 13:39:15 INFO  o.s.d.r.c.RepositoryConfigurationDelegate - Bootstrapping Spring Data JPA repositories in DEFAULT mode.
2025-07-17 13:39:16 INFO  o.s.d.r.c.RepositoryConfigurationDelegate - Finished Spring Data repository scanning in 93 ms. Found 4 JPA repository interfaces.
2025-07-17 13:39:17 INFO  o.s.b.w.e.tomcat.TomcatWebServer - Tomcat initialized with port(s): 8080 (http)
2025-07-17 13:39:17 INFO  o.a.coyote.http11.Http11NioProtocol - Initializing ProtocolHandler ["http-nio-8080"]
2025-07-17 13:39:17 INFO  o.a.catalina.core.StandardService - Starting service [Tomcat]
2025-07-17 13:39:17 INFO  o.a.catalina.core.StandardEngine - Starting Servlet engine: [Apache Tomcat/9.0.60]
2025-07-17 13:39:17 INFO  o.a.c.c.C.[Tomcat].[localhost].[/] - Initializing Spring embedded WebApplicationContext
2025-07-17 13:39:17 INFO  o.s.b.w.s.c.ServletWebServerApplicationContext - Root WebApplicationContext: initialization completed in 2744 ms
2025-07-17 13:39:18 INFO  o.h.jpa.internal.util.LogHelper - HHH000204: Processing PersistenceUnitInfo [name: default]
2025-07-17 13:39:18 INFO  org.hibernate.Version - HHH000412: Hibernate ORM core version 5.6.7.Final
2025-07-17 13:39:18 INFO  o.h.annotations.common.Version - HCANN000001: Hibernate Commons Annotations {5.1.2.Final}
2025-07-17 13:39:18 INFO  com.zaxxer.hikari.HikariDataSource - HikariPool-1 - Starting...
2025-07-17 13:39:22 INFO  com.zaxxer.hikari.HikariDataSource - HikariPool-1 - Start completed.
2025-07-17 13:39:22 INFO  org.hibernate.dialect.Dialect - HHH000400: Using dialect: org.hibernate.dialect.MySQL8Dialect
2025-07-17 13:39:25 INFO  o.h.e.t.j.p.i.JtaPlatformInitiator - HHH000490: Using JtaPlatform implementation: [org.hibernate.engine.transaction.jta.platform.internal.NoJtaPlatform]
2025-07-17 13:39:25 INFO  o.s.o.j.LocalContainerEntityManagerFactoryBean - Initialized JPA EntityManagerFactory for persistence unit 'default'
2025-07-17 13:39:27 WARN  o.s.b.c.l.AbstractListenerFactoryBean - org.springframework.batch.item.ItemReader is an interface. The implementing class will not be queried for annotation based listener configurations. If using @StepScope on a @Bean method, be sure to return the implementing class so listener annotations can be used.
2025-07-17 13:39:27 WARN  o.s.b.c.l.AbstractListenerFactoryBean - org.springframework.batch.item.ItemWriter is an interface. The implementing class will not be queried for annotation based listener configurations. If using @StepScope on a @Bean method, be sure to return the implementing class so listener annotations can be used.
2025-07-17 13:39:27 WARN  o.s.b.c.l.AbstractListenerFactoryBean - org.springframework.batch.item.ItemProcessor is an interface. The implementing class will not be queried for annotation based listener configurations. If using @StepScope on a @Bean method, be sure to return the implementing class so listener annotations can be used.
2025-07-17 13:39:27 WARN  o.s.b.a.o.j.JpaBaseConfiguration$JpaWebConfiguration - spring.jpa.open-in-view is enabled by default. Therefore, database queries may be performed during view rendering. Explicitly configure spring.jpa.open-in-view to disable this warning
2025-07-17 13:39:28 WARN  o.s.b.a.batch.JpaBatchConfigurer - JPA does not support custom isolation levels, so locks may not be taken when launching Jobs
2025-07-17 13:39:28 INFO  o.s.b.c.r.s.JobRepositoryFactoryBean - No database type set, using meta data indicating: MYSQL
2025-07-17 13:39:28 INFO  o.s.b.c.l.support.SimpleJobLauncher - No TaskExecutor has been set, defaulting to synchronous executor.
2025-07-17 13:39:28 INFO  o.a.coyote.http11.Http11NioProtocol - Starting ProtocolHandler ["http-nio-8080"]
2025-07-17 13:39:28 INFO  o.s.b.w.e.tomcat.TomcatWebServer - Tomcat started on port(s): 8080 (http) with context path ''
2025-07-17 13:39:29 INFO  c.r.b.RcycBatchMsApplication - Started RcycBatchMsApplication in 14.845 seconds (JVM running for 15.762)
2025-07-17 13:41:50 INFO  o.a.c.c.C.[Tomcat].[localhost].[/] - Initializing Spring DispatcherServlet 'dispatcherServlet'
2025-07-17 13:41:50 INFO  o.s.web.servlet.DispatcherServlet - Initializing Servlet 'dispatcherServlet'
2025-07-17 13:41:50 INFO  o.s.web.servlet.DispatcherServlet - Completed initialization in 1 ms
2025-07-17 13:42:07 INFO  o.s.b.c.l.support.SimpleJobLauncher - Job: [SimpleJob: [name=regionJob]] launched with the following parameters: [{jobId=21335}]
2025-07-17 13:42:16 INFO  o.s.batch.core.job.SimpleStepHandler - Executing step: [regionStep]
2025-07-17 13:42:26 INFO  o.s.batch.core.step.AbstractStep - Step: [regionStep] executed in 9s656ms
2025-07-17 13:42:31 INFO  o.s.b.c.l.support.SimpleJobLauncher - Job: [SimpleJob: [name=regionJob]] completed with the following parameters: [{jobId=21335}] and the following status: [COMPLETED] in 20s996ms
2025-07-17 14:09:35 INFO  c.r.b.RcycBatchMsApplication - Starting RcycBatchMsApplication using Java 11.0.27 on LAPTOP-V1F4SACK with PID 30392 (D:\SUJESH\TRAINING_PROJECTS\rcyc-batch-ms\target\classes started by DTA-172 in D:\SUJESH\TRAINING_PROJECTS\rcyc-batch-ms)
2025-07-17 14:09:35 INFO  c.r.b.RcycBatchMsApplication - No active profile set, falling back to 1 default profile: "default"
2025-07-17 14:09:36 INFO  o.s.d.r.c.RepositoryConfigurationDelegate - Bootstrapping Spring Data JPA repositories in DEFAULT mode.
2025-07-17 14:09:36 INFO  o.s.d.r.c.RepositoryConfigurationDelegate - Finished Spring Data repository scanning in 110 ms. Found 4 JPA repository interfaces.
2025-07-17 14:09:37 INFO  o.s.b.w.e.tomcat.TomcatWebServer - Tomcat initialized with port(s): 8080 (http)
2025-07-17 14:09:37 INFO  o.a.coyote.http11.Http11NioProtocol - Initializing ProtocolHandler ["http-nio-8080"]
2025-07-17 14:09:37 INFO  o.a.catalina.core.StandardService - Starting service [Tomcat]
2025-07-17 14:09:37 INFO  o.a.catalina.core.StandardEngine - Starting Servlet engine: [Apache Tomcat/9.0.60]
2025-07-17 14:09:38 INFO  o.a.c.c.C.[Tomcat].[localhost].[/] - Initializing Spring embedded WebApplicationContext
2025-07-17 14:09:38 INFO  o.s.b.w.s.c.ServletWebServerApplicationContext - Root WebApplicationContext: initialization completed in 2983 ms
2025-07-17 14:09:38 INFO  o.h.jpa.internal.util.LogHelper - HHH000204: Processing PersistenceUnitInfo [name: default]
2025-07-17 14:09:38 INFO  org.hibernate.Version - HHH000412: Hibernate ORM core version 5.6.7.Final
2025-07-17 14:09:38 INFO  o.h.annotations.common.Version - HCANN000001: Hibernate Commons Annotations {5.1.2.Final}
2025-07-17 14:09:38 INFO  com.zaxxer.hikari.HikariDataSource - HikariPool-1 - Starting...
2025-07-17 14:09:43 INFO  com.zaxxer.hikari.HikariDataSource - HikariPool-1 - Start completed.
2025-07-17 14:09:43 INFO  org.hibernate.dialect.Dialect - HHH000400: Using dialect: org.hibernate.dialect.MySQL8Dialect
2025-07-17 14:09:45 INFO  o.h.e.t.j.p.i.JtaPlatformInitiator - HHH000490: Using JtaPlatform implementation: [org.hibernate.engine.transaction.jta.platform.internal.NoJtaPlatform]
2025-07-17 14:09:45 INFO  o.s.o.j.LocalContainerEntityManagerFactoryBean - Initialized JPA EntityManagerFactory for persistence unit 'default'
2025-07-17 14:09:46 WARN  o.s.b.c.l.AbstractListenerFactoryBean - org.springframework.batch.item.ItemReader is an interface. The implementing class will not be queried for annotation based listener configurations. If using @StepScope on a @Bean method, be sure to return the implementing class so listener annotations can be used.
2025-07-17 14:09:46 WARN  o.s.b.c.l.AbstractListenerFactoryBean - org.springframework.batch.item.ItemWriter is an interface. The implementing class will not be queried for annotation based listener configurations. If using @StepScope on a @Bean method, be sure to return the implementing class so listener annotations can be used.
2025-07-17 14:09:46 WARN  o.s.b.c.l.AbstractListenerFactoryBean - org.springframework.batch.item.ItemProcessor is an interface. The implementing class will not be queried for annotation based listener configurations. If using @StepScope on a @Bean method, be sure to return the implementing class so listener annotations can be used.
2025-07-17 14:09:46 INFO  c.rcyc.batchsystem.util.AuditAspect - System call processor :null
2025-07-17 14:09:47 INFO  c.rcyc.batchsystem.util.AuditAspect - Leaving from processor :null
2025-07-17 14:09:47 INFO  c.rcyc.batchsystem.util.AuditAspect - System call processor :null
2025-07-17 14:09:47 INFO  c.rcyc.batchsystem.util.AuditAspect - Leaving from processor :null
2025-07-17 14:09:47 INFO  c.rcyc.batchsystem.util.AuditAspect - System call processor :null
2025-07-17 14:09:47 INFO  c.rcyc.batchsystem.util.AuditAspect - Leaving from processor :null
2025-07-17 14:09:47 INFO  c.rcyc.batchsystem.util.AuditAspect - System call processor :null
2025-07-17 14:09:47 INFO  c.rcyc.batchsystem.util.AuditAspect - Leaving from processor :null
2025-07-17 14:09:47 INFO  c.rcyc.batchsystem.util.AuditAspect - System call processor :null
2025-07-17 14:09:47 INFO  c.rcyc.batchsystem.util.AuditAspect - Leaving from processor :null
2025-07-17 14:09:47 WARN  o.s.b.a.o.j.JpaBaseConfiguration$JpaWebConfiguration - spring.jpa.open-in-view is enabled by default. Therefore, database queries may be performed during view rendering. Explicitly configure spring.jpa.open-in-view to disable this warning
2025-07-17 14:09:48 WARN  o.s.b.a.batch.JpaBatchConfigurer - JPA does not support custom isolation levels, so locks may not be taken when launching Jobs
2025-07-17 14:09:48 INFO  o.s.b.c.r.s.JobRepositoryFactoryBean - No database type set, using meta data indicating: MYSQL
2025-07-17 14:09:48 INFO  o.s.b.c.l.support.SimpleJobLauncher - No TaskExecutor has been set, defaulting to synchronous executor.
2025-07-17 14:09:48 INFO  o.a.coyote.http11.Http11NioProtocol - Starting ProtocolHandler ["http-nio-8080"]
2025-07-17 14:09:48 INFO  o.s.b.w.e.tomcat.TomcatWebServer - Tomcat started on port(s): 8080 (http) with context path ''
2025-07-17 14:09:48 INFO  c.r.b.RcycBatchMsApplication - Started RcycBatchMsApplication in 14.544 seconds (JVM running for 15.106)
2025-07-17 14:11:12 INFO  o.a.c.c.C.[Tomcat].[localhost].[/] - Initializing Spring DispatcherServlet 'dispatcherServlet'
2025-07-17 14:11:12 INFO  o.s.web.servlet.DispatcherServlet - Initializing Servlet 'dispatcherServlet'
2025-07-17 14:11:12 INFO  o.s.web.servlet.DispatcherServlet - Completed initialization in 1 ms
2025-07-17 14:11:21 INFO  o.s.b.c.l.support.SimpleJobLauncher - Job: [SimpleJob: [name=regionJob]] launched with the following parameters: [{jobId=45640}]
2025-07-17 14:11:29 INFO  o.s.batch.core.job.SimpleStepHandler - Executing step: [regionStep]
2025-07-17 14:11:32 INFO  c.rcyc.batchsystem.util.AuditAspect - System call reader :45640
2025-07-17 14:11:33 INFO  c.r.batchsystem.service.AuditService - 45640 - feed_type - System call reader
2025-07-17 14:11:34 INFO  c.r.b.reader.RegionApiReader - Condition failed, so reader return null, trying to exit from job
2025-07-17 14:11:34 INFO  c.rcyc.batchsystem.util.AuditAspect - Leaving from reader :45640
2025-07-17 14:11:34 INFO  c.r.batchsystem.service.AuditService - 45640 - feed_type - Leaving from reader
2025-07-17 14:11:36 INFO  c.r.batchsystem.service.AuditService - 45640 - feed_type -  No scheduler is related for the job :45640
2025-07-17 14:11:39 INFO  o.s.batch.core.step.AbstractStep - Step: [regionStep] executed in 9s580ms
2025-07-17 14:11:44 INFO  o.s.b.c.l.support.SimpleJobLauncher - Job: [SimpleJob: [name=regionJob]] completed with the following parameters: [{jobId=45640}] and the following status: [COMPLETED] in 20s880ms
